# JRE version: OpenJDK Runtime Environment (7.0_79-b14) (build 1.7.0_79-b14)
# Java VM: OpenJDK 64-Bit Server VM (24.79-b02 mixed mode linux-amd64 compressed oops)
Heap
 def new generation   total 58176K, used 0K [0x00000000e6400000, 0x00000000ea310000, 0x00000000eb600000)
  eden space 51776K,   0% used [0x00000000e6400000, 0x00000000e6400000, 0x00000000e9690000)
  from space 6400K,   0% used [0x00000000e9cd0000, 0x00000000e9cd0000, 0x00000000ea310000)
  to   space 6400K,   0% used [0x00000000e9690000, 0x00000000e9690000, 0x00000000e9cd0000)
 tenured generation   total 147788K, used 144841K [0x00000000eb600000, 0x00000000f4653000, 0x00000000f5a00000)
   the space 147788K,  98% used [0x00000000eb600000, 0x00000000f4372788, 0x00000000f4372800, 0x00000000f4653000)
 compacting perm gen  total 21248K, used 15937K [0x00000000f5a00000, 0x00000000f6ec0000, 0x0000000100000000)
   the space 21248K,  75% used [0x00000000f5a00000, 0x00000000f69907e0, 0x00000000f6990800, 0x00000000f6ec0000)
GC Heap History (10 events):
Event: 358689.956 GC heap after
Heap after GC invocations=10381 (full 8):
 def new generation   total 30976K, used 3392K [0x00000000e6400000, 0x00000000e8590000, 0x00000000eb600000)
  eden space 27584K,   0% used [0x00000000e6400000, 0x00000000e6400000, 0x00000000e7ef0000)
  from space 3392K, 100% used [0x00000000e8240000, 0x00000000e8590000, 0x00000000e8590000)
  to   space 3392K,   0% used [0x00000000e7ef0000, 0x00000000e7ef0000, 0x00000000e8240000)
 tenured generation   total 68640K, used 49641K [0x00000000eb600000, 0x00000000ef908000, 0x00000000f5a00000)
   the space 68640K,  72% used [0x00000000eb600000, 0x00000000ee67a5b8, 0x00000000ee67a600, 0x00000000ef908000)
 compacting perm gen  total 21248K, used 15937K [0x00000000f5a00000, 0x00000000f6ec0000, 0x0000000100000000)
   the space 21248K,  75% used [0x00000000f5a00000, 0x00000000f69907e0, 0x00000000f6990800, 0x00000000f6ec0000)
No shared spaces configured.
}
Event: 358690.193 GC heap before
{Heap before GC invocations=10381 (full 8):
 def new generation   total 30976K, used 30976K [0x00000000e6400000, 0x00000000e8590000, 0x00000000eb600000)
  eden space 27584K, 100% used [0x00000000e6400000, 0x00000000e7ef0000, 0x00000000e7ef0000)
  from space 3392K, 100% used [0x00000000e8240000, 0x00000000e8590000, 0x00000000e8590000)
  to   space 3392K,   0% used [0x00000000e7ef0000, 0x00000000e7ef0000, 0x00000000e8240000)
 tenured generation   total 68640K, used 49641K [0x00000000eb600000, 0x00000000ef908000, 0x00000000f5a00000)
   the space 68640K,  72% used [0x00000000eb600000, 0x00000000ee67a5b8, 0x00000000ee67a600, 0x00000000ef908000)
 compacting perm gen  total 21248K, used 15937K [0x00000000f5a00000, 0x00000000f6ec0000, 0x0000000100000000)
   the space 21248K,  75% used [0x00000000f5a00000, 0x00000000f69907e0, 0x00000000f6990800, 0x00000000f6ec0000)
No shared spaces configured.
Event: 358690.265 GC heap after
Heap after GC invocations=10382 (full 8):
 def new generation   total 30976K, used 3391K [0x00000000e6400000, 0x00000000e8590000, 0x00000000eb600000)
  eden space 27584K,   0% used [0x00000000e6400000, 0x00000000e6400000, 0x00000000e7ef0000)
  from space 3392K,  99% used [0x00000000e7ef0000, 0x00000000e823fff8, 0x00000000e8240000)
  to   space 3392K,   0% used [0x00000000e8240000, 0x00000000e8240000, 0x00000000e8590000)
 tenured generation   total 68640K, used 66749K [0x00000000eb600000, 0x00000000ef908000, 0x00000000f5a00000)
   the space 68640K,  97% used [0x00000000eb600000, 0x00000000ef72f420, 0x00000000ef72f600, 0x00000000ef908000)
 compacting perm gen  total 21248K, used 15937K [0x00000000f5a00000, 0x00000000f6ec0000, 0x0000000100000000)
   the space 21248K,  75% used [0x00000000f5a00000, 0x00000000f69907e0, 0x00000000f6990800, 0x00000000f6ec0000)
No shared spaces configured.
}
Event: 358690.634 GC heap before
{Heap before GC invocations=10382 (full 8):
 def new generation   total 30976K, used 30975K [0x00000000e6400000, 0x00000000e8590000, 0x00000000eb600000)
  eden space 27584K, 100% used [0x00000000e6400000, 0x00000000e7ef0000, 0x00000000e7ef0000)
  from space 3392K,  99% used [0x00000000e7ef0000, 0x00000000e823fff8, 0x00000000e8240000)
  to   space 3392K,   0% used [0x00000000e8240000, 0x00000000e8240000, 0x00000000e8590000)
 tenured generation   total 68640K, used 66749K [0x00000000eb600000, 0x00000000ef908000, 0x00000000f5a00000)
   the space 68640K,  97% used [0x00000000eb600000, 0x00000000ef72f420, 0x00000000ef72f600, 0x00000000ef908000)
 compacting perm gen  total 21248K, used 15937K [0x00000000f5a00000, 0x00000000f6ec0000, 0x0000000100000000)
   the space 21248K,  75% used [0x00000000f5a00000, 0x00000000f69907e0, 0x00000000f6990800, 0x00000000f6ec0000)
No shared spaces configured.
Event: 358690.895 GC heap after
Heap after GC invocations=10383 (full 9):
 def new generation   total 58176K, used 0K [0x00000000e6400000, 0x00000000ea310000, 0x00000000eb600000)
  eden space 51776K,   0% used [0x00000000e6400000, 0x00000000e6400000, 0x00000000e9690000)
  from space 6400K,   0% used [0x00000000e9690000, 0x00000000e9690000, 0x00000000e9cd0000)
  to   space 6400K,   0% used [0x00000000e9cd0000, 0x00000000e9cd0000, 0x00000000ea310000)
 tenured generation   total 128972K, used 77382K [0x00000000eb600000, 0x00000000f33f3000, 0x00000000f5a00000)
   the space 128972K,  59% used [0x00000000eb600000, 0x00000000f0191828, 0x00000000f0191a00, 0x00000000f33f3000)
 compacting perm gen  total 21248K, used 15937K [0x00000000f5a00000, 0x00000000f6ec0000, 0x0000000100000000)
   the space 21248K,  75% used [0x00000000f5a00000, 0x00000000f69907e0, 0x00000000f6990800, 0x00000000f6ec0000)
No shared spaces configured.
}
Event: 358691.594 GC heap before
{Heap before GC invocations=10383 (full 9):
 def new generation   total 58176K, used 50811K [0x00000000e6400000, 0x00000000ea310000, 0x00000000eb600000)
  eden space 51776K,  98% used [0x00000000e6400000, 0x00000000e959ee38, 0x00000000e9690000)
  from space 6400K,   0% used [0x00000000e9690000, 0x00000000e9690000, 0x00000000e9cd0000)
  to   space 6400K,   0% used [0x00000000e9cd0000, 0x00000000e9cd0000, 0x00000000ea310000)
 tenured generation   total 128972K, used 77382K [0x00000000eb600000, 0x00000000f33f3000, 0x00000000f5a00000)
   the space 128972K,  59% used [0x00000000eb600000, 0x00000000f0191828, 0x00000000f0191a00, 0x00000000f33f3000)
 compacting perm gen  total 21248K, used 15937K [0x00000000f5a00000, 0x00000000f6ec0000, 0x0000000100000000)
   the space 21248K,  75% used [0x00000000f5a00000, 0x00000000f69907e0, 0x00000000f6990800, 0x00000000f6ec0000)
No shared spaces configured.
Event: 358691.684 GC heap after
Heap after GC invocations=10384 (full 9):
 def new generation   total 58176K, used 6399K [0x00000000e6400000, 0x00000000ea310000, 0x00000000eb600000)
  eden space 51776K,   0% used [0x00000000e6400000, 0x00000000e6400000, 0x00000000e9690000)
  from space 6400K,  99% used [0x00000000e9cd0000, 0x00000000ea30fff8, 0x00000000ea310000)
  to   space 6400K,   0% used [0x00000000e9690000, 0x00000000e9690000, 0x00000000e9cd0000)
 tenured generation   total 128972K, used 92654K [0x00000000eb600000, 0x00000000f33f3000, 0x00000000f5a00000)
   the space 128972K,  71% used [0x00000000eb600000, 0x00000000f107bb30, 0x00000000f107bc00, 0x00000000f33f3000)
 compacting perm gen  total 21248K, used 15937K [0x00000000f5a00000, 0x00000000f6ec0000, 0x0000000100000000)
   the space 21248K,  75% used [0x00000000f5a00000, 0x00000000f69907e0, 0x00000000f6990800, 0x00000000f6ec0000)
No shared spaces configured.
}
Event: 358692.116 GC heap before
{Heap before GC invocations=10384 (full 9):
 def new generation   total 58176K, used 58175K [0x00000000e6400000, 0x00000000ea310000, 0x00000000eb600000)
  eden space 51776K, 100% used [0x00000000e6400000, 0x00000000e9690000, 0x00000000e9690000)
  from space 6400K,  99% used [0x00000000e9cd0000, 0x00000000ea30fff8, 0x00000000ea310000)
  to   space 6400K,   0% used [0x00000000e9690000, 0x00000000e9690000, 0x00000000e9cd0000)
 tenured generation   total 128972K, used 92654K [0x00000000eb600000, 0x00000000f33f3000, 0x00000000f5a00000)
   the space 128972K,  71% used [0x00000000eb600000, 0x00000000f107bb30, 0x00000000f107bc00, 0x00000000f33f3000)
 compacting perm gen  total 21248K, used 15937K [0x00000000f5a00000, 0x00000000f6ec0000, 0x0000000100000000)
   the space 21248K,  75% used [0x00000000f5a00000, 0x00000000f69907e0, 0x00000000f6990800, 0x00000000f6ec0000)
No shared spaces configured.
Event: 358692.227 GC heap after
Heap after GC invocations=10385 (full 9):
 def new generation   total 58176K, used 6400K [0x00000000e6400000, 0x00000000ea310000, 0x00000000eb600000)
  eden space 51776K,   0% used [0x00000000e6400000, 0x00000000e6400000, 0x00000000e9690000)
  from space 6400K, 100% used [0x00000000e9690000, 0x00000000e9cd0000, 0x00000000e9cd0000)
  to   space 6400K,   0% used [0x00000000e9cd0000, 0x00000000e9cd0000, 0x00000000ea310000)
 tenured generation   total 128972K, used 125412K [0x00000000eb600000, 0x00000000f33f3000, 0x00000000f5a00000)
   the space 128972K,  97% used [0x00000000eb600000, 0x00000000f30792d8, 0x00000000f3079400, 0x00000000f33f3000)
 compacting perm gen  total 21248K, used 15937K [0x00000000f5a00000, 0x00000000f6ec0000, 0x0000000100000000)
   the space 21248K,  75% used [0x00000000f5a00000, 0x00000000f69907e0, 0x00000000f6990800, 0x00000000f6ec0000)
No shared spaces configured.
}
Event: 358692.888 GC heap before
{Heap before GC invocations=10385 (full 9):
 def new generation   total 58176K, used 58176K [0x00000000e6400000, 0x00000000ea310000, 0x00000000eb600000)
  eden space 51776K, 100% used [0x00000000e6400000, 0x00000000e9690000, 0x00000000e9690000)
  from space 6400K, 100% used [0x00000000e9690000, 0x00000000e9cd0000, 0x00000000e9cd0000)
  to   space 6400K,   0% used [0x00000000e9cd0000, 0x00000000e9cd0000, 0x00000000ea310000)
 tenured generation   total 128972K, used 125412K [0x00000000eb600000, 0x00000000f33f3000, 0x00000000f5a00000)
   the space 128972K,  97% used [0x00000000eb600000, 0x00000000f30792d8, 0x00000000f3079400, 0x00000000f33f3000)
 compacting perm gen  total 21248K, used 15937K [0x00000000f5a00000, 0x00000000f6ec0000, 0x0000000100000000)
   the space 21248K,  75% used [0x00000000f5a00000, 0x00000000f69907e0, 0x00000000f6990800, 0x00000000f6ec0000)
No shared spaces configured.

